<?xml version="1.0" encoding="UTF-8"?>
<!-- Generated by org.testng.reporters.JUnitReportReporter -->
<testsuite hostname="LAPTOP-LLIF1EMJ" failures="0" tests="3" name="cucumberOptions.CucumberRunner" time="0.111" errors="0" timestamp="2024-03-17T13:02:55 IST" skipped="0">
  <testcase classname="cucumberOptions.CucumberRunner" name="runScenario" time="0.010"/>
  <system-out/>
  <testcase classname="cucumberOptions.CucumberRunner" name="runScenario" time="0.085"/>
  <system-out/>
  <testcase classname="cucumberOptions.CucumberRunner" name="runScenario" time="0.016"/>
  <system-out/>
</testsuite> <!-- cucumberOptions.CucumberRunner -->
